Base path: /Applications/Unity/Unity.app/Contents
Cmd: initializeCompiler
Cmd: translateComputeKernel
  api=14 insize=841 outsize=785 ok=1
Cmd: compileComputeKernel
  api=14 insize=2780 outsize=48933 ok=1
Cmd: translateComputeKernel
  api=14 insize=48553 outsize=85569 ok=1
Cmd: translateComputeKernel
  api=14 insize=10537 outsize=18405 ok=1
Cmd: compileComputeKernel
  api=14 insize=5004 outsize=7289 ok=1
Cmd: translateComputeKernel
  api=14 insize=5765 outsize=8357 ok=1
Cmd: translateComputeKernel
  api=14 insize=3245 outsize=5341 ok=1
Cmd: compileComputeKernel
  api=14 insize=9166 outsize=9517 ok=1
Cmd: compileComputeKernel
  api=14 insize=9166 outsize=9937 ok=1
Cmd: translateComputeKernel
  api=14 insize=9381 outsize=16149 ok=1
Cmd: compileComputeKernel
  api=14 insize=1470 outsize=1053 ok=1
Cmd: translateComputeKernel
  api=14 insize=1037 outsize=1069 ok=1
Cmd: translateComputeKernel
  api=14 insize=2021 outsize=3169 ok=1
Cmd: translateComputeKernel
  api=14 insize=1145 outsize=1433 ok=1
Cmd: compileComputeKernel
  api=14 insize=16784 outsize=5777 ok=1
Cmd: compileComputeKernel
  api=14 insize=16784 outsize=7169 ok=1
Cmd: compileComputeKernel
  api=14 insize=16784 outsize=6377 ok=1
Cmd: compileComputeKernel
  api=14 insize=16784 outsize=7385 ok=1
Cmd: compileComputeKernel
  api=14 insize=16784 outsize=7265 ok=1
Cmd: compileComputeKernel
  api=14 insize=16784 outsize=8777 ok=1
Cmd: compileComputeKernel
  api=14 insize=16784 outsize=10437 ok=1
Cmd: compileComputeKernel
  api=14 insize=16784 outsize=10317 ok=1
Cmd: compileComputeKernel
  api=14 insize=16784 outsize=7541 ok=1
Cmd: compileComputeKernel
  api=14 insize=16784 outsize=8621 ok=1
Cmd: compileComputeKernel
  api=14 insize=16784 outsize=7829 ok=1
Cmd: compileComputeKernel
  api=14 insize=16784 outsize=9221 ok=1
Cmd: compileComputeKernel
  api=14 insize=16784 outsize=9265 ok=1
Cmd: compileComputeKernel
  api=14 insize=16784 outsize=11233 ok=1
Cmd: compileComputeKernel
  api=14 insize=16784 outsize=9821 ok=1
Cmd: compileComputeKernel
  api=14 insize=16784 outsize=11261 ok=1
Cmd: translateComputeKernel
  api=14 insize=6549 outsize=11821 ok=1
Cmd: translateComputeKernel
  api=14 insize=7245 outsize=13221 ok=1
Cmd: translateComputeKernel
  api=14 insize=7633 outsize=13973 ok=1
Cmd: translateComputeKernel
  api=14 insize=6417 outsize=11129 ok=1
Cmd: translateComputeKernel
  api=14 insize=6729 outsize=11769 ok=1
Cmd: translateComputeKernel
  api=14 insize=7425 outsize=13205 ok=1
Cmd: translateComputeKernel
  api=14 insize=7809 outsize=13965 ok=1
Cmd: translateComputeKernel
  api=14 insize=8197 outsize=14685 ok=1
Cmd: translateComputeKernel
  api=14 insize=8285 outsize=14921 ok=1
Cmd: translateComputeKernel
  api=14 insize=8813 outsize=15925 ok=1
Cmd: translateComputeKernel
  api=14 insize=9797 outsize=17921 ok=1
Cmd: translateComputeKernel
  api=14 insize=7897 outsize=14625 ok=1
Cmd: translateComputeKernel
  api=14 insize=9409 outsize=17757 ok=1
Cmd: translateComputeKernel
  api=14 insize=10849 outsize=20689 ok=1
Cmd: translateComputeKernel
  api=14 insize=7617 outsize=14193 ok=1
Cmd: translateComputeKernel
  api=14 insize=8697 outsize=16397 ok=1
Cmd: translateComputeKernel
  api=14 insize=8565 outsize=15781 ok=1
Cmd: translateComputeKernel
  api=14 insize=9649 outsize=17797 ok=1
Cmd: translateComputeKernel
  api=14 insize=10285 outsize=19305 ok=1
Cmd: translateComputeKernel
  api=14 insize=11945 outsize=22421 ok=1
Cmd: translateComputeKernel
  api=14 insize=10881 outsize=21237 ok=1
Cmd: translateComputeKernel
  api=14 insize=12541 outsize=24253 ok=1
Cmd: initializeCompiler
Cmd: initializeCompiler
Cmd: initializeCompiler
Cmd: initializeCompiler

Quitting shader compiler process
